<?xml version="1.0" encoding="UTF-8"?>
<!-- Generated by org.testng.reporters.JUnitReportReporter -->
<testsuite hostname="santosh" failures="0" tests="2" name="tests.RegisterTest" time="28.647" errors="0" timestamp="2023-07-21T14:54:41 IST" skipped="0">
  <testcase classname="tests.RegisterTest" name="registerWithMandatoryFields" time="15.797"/>
  <system-out/>
  <testcase classname="tests.RegisterTest" name="registerWithAllFields" time="12.850"/>
  <system-out/>
</testsuite> <!-- tests.RegisterTest -->
