<?xml version="1.0" encoding="UTF-8"?>
<!-- Generated by org.testng.reporters.JUnitReportReporter -->
<testsuite hostname="santosh" failures="0" tests="3" name="tests.SearchTest" time="144.731" errors="0" timestamp="2023-07-22T22:08:10 IST" skipped="0">
  <testcase classname="tests.SearchTest" name="searchWithValidProductName" time="100.141"/>
  <system-out/>
  <testcase classname="tests.SearchTest" name="searchWithInvalidProductName" time="27.913"/>
  <system-out/>
  <testcase classname="tests.SearchTest" name="searchByNotProvidingAnyProductName" time="16.677"/>
  <system-out/>
</testsuite> <!-- tests.SearchTest -->
