<?xml version="1.0" encoding="UTF-8"?>
<!-- Generated by org.testng.reporters.JUnitReportReporter -->
<testsuite hostname="santosh" failures="0" tests="2" name="tests.RegisterTest" time="107.131" errors="0" timestamp="2023-07-22T22:08:10 IST" skipped="0">
  <testcase classname="tests.RegisterTest" name="registerWithMandatoryFields" time="34.923"/>
  <system-out/>
  <testcase classname="tests.RegisterTest" name="registerWithAllFields" time="72.208"/>
  <system-out/>
</testsuite> <!-- tests.RegisterTest -->
